<?xml version="1.0" encoding="UTF-8"?>
<!-- Generated by org.testng.reporters.JUnitXMLReporter -->
<testsuite ignored="0" hostname="DESKTOP-09MA7U4" failures="0" tests="2" name="Test" time="70.398" errors="0" timestamp="2022-06-07T16:01:16 IST">
  <testcase classname="TestClasses.VerifyUserCanAddFundToAccount" name="verifyUserCanLogin" time="18.237"/>
  <testcase classname="TestClasses.VerifyUserCanAddFundToAccount" name="veridyUserCanOpenFundWindowOnClikingFundButton" time="32.114"/>
</testsuite> <!-- Test -->
