<?xml version="1.0" encoding="UTF-8"?>
<testng-results ignored="0" total="2" passed="2" failed="0" skipped="0">
  <reporter-output>
  </reporter-output>
  <suite started-at="2022-06-07T16:00:05 IST" name="Suite" finished-at="2022-06-07T16:01:16 IST" duration-ms="70398">
    <groups>
    </groups>
    <test started-at="2022-06-07T16:00:05 IST" name="Test" finished-at="2022-06-07T16:01:16 IST" duration-ms="70398">
      <class name="TestClasses.VerifyUserCanAddFundToAccount">
        <test-method is-config="true" signature="beforeClass(java.lang.String)[pri:0, instance:TestClasses.VerifyUserCanAddFundToAccount@618b19ad]" started-at="2022-06-07T16:00:05 IST" name="beforeClass" finished-at="2022-06-07T16:00:25 IST" duration-ms="19924" status="PASS">
          <params>
            <param index="0">
              <value>
                <![CDATA[chrome]]>
              </value>
            </param>
          </params>
          <reporter-output>
          </reporter-output>
        </test-method> <!-- beforeClass -->
        <test-method is-config="true" signature="beforeMethod()[pri:0, instance:TestClasses.VerifyUserCanAddFundToAccount@618b19ad]" started-at="2022-06-07T16:00:25 IST" name="beforeMethod" finished-at="2022-06-07T16:00:25 IST" duration-ms="33" status="PASS">
          <reporter-output>
          </reporter-output>
        </test-method> <!-- beforeMethod -->
        <test-method signature="verifyUserCanLogin()[pri:0, instance:TestClasses.VerifyUserCanAddFundToAccount@618b19ad]" started-at="2022-06-07T16:00:25 IST" name="verifyUserCanLogin" finished-at="2022-06-07T16:00:44 IST" duration-ms="18237" status="PASS">
          <reporter-output>
          </reporter-output>
        </test-method> <!-- verifyUserCanLogin -->
        <test-method is-config="true" signature="afterMethod()[pri:0, instance:TestClasses.VerifyUserCanAddFundToAccount@618b19ad]" started-at="2022-06-07T16:00:44 IST" name="afterMethod" finished-at="2022-06-07T16:00:44 IST" duration-ms="1" status="PASS">
          <reporter-output>
          </reporter-output>
        </test-method> <!-- afterMethod -->
        <test-method is-config="true" signature="beforeMethod()[pri:0, instance:TestClasses.VerifyUserCanAddFundToAccount@618b19ad]" started-at="2022-06-07T16:00:44 IST" name="beforeMethod" finished-at="2022-06-07T16:00:44 IST" duration-ms="1" status="PASS">
          <reporter-output>
          </reporter-output>
        </test-method> <!-- beforeMethod -->
        <test-method signature="veridyUserCanOpenFundWindowOnClikingFundButton()[pri:2, instance:TestClasses.VerifyUserCanAddFundToAccount@618b19ad]" started-at="2022-06-07T16:00:44 IST" name="veridyUserCanOpenFundWindowOnClikingFundButton" finished-at="2022-06-07T16:01:16 IST" duration-ms="32114" status="PASS">
          <reporter-output>
          </reporter-output>
        </test-method> <!-- veridyUserCanOpenFundWindowOnClikingFundButton -->
        <test-method is-config="true" signature="afterMethod()[pri:0, instance:TestClasses.VerifyUserCanAddFundToAccount@618b19ad]" started-at="2022-06-07T16:01:16 IST" name="afterMethod" finished-at="2022-06-07T16:01:16 IST" duration-ms="1" status="PASS">
          <reporter-output>
          </reporter-output>
        </test-method> <!-- afterMethod -->
        <test-method is-config="true" signature="afterClass()[pri:0, instance:TestClasses.VerifyUserCanAddFundToAccount@618b19ad]" started-at="2022-06-07T16:01:16 IST" name="afterClass" finished-at="2022-06-07T16:01:16 IST" duration-ms="0" status="PASS">
          <reporter-output>
          </reporter-output>
        </test-method> <!-- afterClass -->
      </class> <!-- TestClasses.VerifyUserCanAddFundToAccount -->
    </test> <!-- Test -->
  </suite> <!-- Suite -->
</testng-results>
